<?xml version="1.0" encoding="UTF-8"?>
<robot generator="Robot 4.1.3 (Python 3.10.2 on win32)" generated="20220215 01:23:46.804" rpa="false" schemaversion="2">
<suite id="s1" name="TestsSitePractice" source="C:\Users\railt\PycharmProjects\PyCharm_ProjectWeb_Autom_RobotFramework_basic_01\tests\TestsSitePractice.robot">
<test id="s1-t1" name="Caso de Teste 01: Pesquisar produto existente">
<kw name="Abrir navegador" library="Resource" type="SETUP">
<kw name="Open Browser" library="SeleniumLibrary">
<arg>about:blank</arg>
<arg>${BROWSER}</arg>
<doc>Opens a new browser instance to the optional ``url``.</doc>
<msg timestamp="20220215 01:23:47.121" level="INFO">Opening browser 'chrome' to base url 'about:blank'.</msg>
<status status="PASS" starttime="20220215 01:23:47.120" endtime="20220215 01:23:49.071"/>
</kw>
<status status="PASS" starttime="20220215 01:23:47.120" endtime="20220215 01:23:49.072"/>
</kw>
<kw name="Acessar a página home do site" library="Resource">
<kw name="Go To" library="SeleniumLibrary">
<arg>${URL}</arg>
<doc>Navigates the current browser window to the provided ``url``.</doc>
<msg timestamp="20220215 01:23:49.083" level="INFO">Opening url 'https://www.automationpractice.com/'</msg>
<status status="PASS" starttime="20220215 01:23:49.082" endtime="20220215 01:23:56.020"/>
</kw>
<kw name="Title Should Be" library="SeleniumLibrary">
<arg>My Store</arg>
<doc>Verifies that the current page title equals ``title``.</doc>
<msg timestamp="20220215 01:23:56.045" level="INFO">Page title is 'My Store'.</msg>
<status status="PASS" starttime="20220215 01:23:56.020" endtime="20220215 01:23:56.045"/>
</kw>
<status status="PASS" starttime="20220215 01:23:49.081" endtime="20220215 01:23:56.045"/>
</kw>
<kw name="Digita o nome do produto &quot;Blouse&quot; no campo de pesquisa" library="Resource" sourcename="Digita o nome do produto &quot;${PRODUCT}&quot; no campo de pesquisa">
<kw name="Input Text" library="SeleniumLibrary">
<arg>name=search_query</arg>
<arg>${PRODUCT}</arg>
<doc>Types the given ``text`` into the text field identified by ``locator``.</doc>
<msg timestamp="20220215 01:23:56.048" level="INFO">Typing text 'Blouse' into text field 'name=search_query'.</msg>
<status status="PASS" starttime="20220215 01:23:56.047" endtime="20220215 01:23:56.286"/>
</kw>
<status status="PASS" starttime="20220215 01:23:56.047" endtime="20220215 01:23:56.286"/>
</kw>
<kw name="Clicar no botao pesquisar" library="Resource">
<kw name="Click Element" library="SeleniumLibrary">
<arg>name=submit_search</arg>
<doc>Click the element identified by ``locator``.</doc>
<msg timestamp="20220215 01:23:56.288" level="INFO">Clicking element 'name=submit_search'.</msg>
<status status="PASS" starttime="20220215 01:23:56.288" endtime="20220215 01:23:59.999"/>
</kw>
<status status="PASS" starttime="20220215 01:23:56.287" endtime="20220215 01:23:59.999"/>
</kw>
<kw name="Conferir se o produto &quot;Blouse&quot; foi listado no site" library="Resource" sourcename="Conferir se o produto &quot;${PRODUCT}&quot; foi listado no site">
<kw name="Wait Until Element Is Visible" library="SeleniumLibrary">
<arg>css=#center_column &gt; h1</arg>
<doc>Waits until the element ``locator`` is visible.</doc>
<status status="PASS" starttime="20220215 01:24:00.001" endtime="20220215 01:24:00.047"/>
</kw>
<kw name="Title Should Be" library="SeleniumLibrary">
<arg>Search - My Store</arg>
<doc>Verifies that the current page title equals ``title``.</doc>
<msg timestamp="20220215 01:24:00.055" level="INFO">Page title is 'Search - My Store'.</msg>
<status status="PASS" starttime="20220215 01:24:00.047" endtime="20220215 01:24:00.055"/>
</kw>
<kw name="Page Should Contain Image" library="SeleniumLibrary">
<arg>xpath=//*[@id="center_column"]//*[@src="http://automationpractice.com/img/p/7/7-home_default.jpg"]</arg>
<doc>Verifies image identified by ``locator`` is found from current page.</doc>
<msg timestamp="20220215 01:24:00.073" level="INFO">Current page contains image 'xpath=//*[@id="center_column"]//*[@src="http://automationpractice.com/img/p/7/7-home_default.jpg"]'.</msg>
<status status="PASS" starttime="20220215 01:24:00.055" endtime="20220215 01:24:00.073"/>
</kw>
<kw name="Page Should Contain Link" library="SeleniumLibrary">
<arg>xpath=//*[@id="center_column"]//a[@class="product-name"][contains(text(),"Blouse")]</arg>
<doc>Verifies link identified by ``locator`` is found from current page.</doc>
<msg timestamp="20220215 01:24:00.095" level="INFO">Current page contains link 'xpath=//*[@id="center_column"]//a[@class="product-name"][contains(text(),"Blouse")]'.</msg>
<status status="PASS" starttime="20220215 01:24:00.073" endtime="20220215 01:24:00.095"/>
</kw>
<status status="PASS" starttime="20220215 01:24:00.000" endtime="20220215 01:24:00.095"/>
</kw>
<kw name="Fechar navegador" library="Resource" type="TEARDOWN">
<kw name="Close Browser" library="SeleniumLibrary">
<doc>Closes the current browser.</doc>
<status status="PASS" starttime="20220215 01:24:00.096" endtime="20220215 01:24:02.489"/>
</kw>
<status status="PASS" starttime="20220215 01:24:00.096" endtime="20220215 01:24:02.490"/>
</kw>
<status status="PASS" starttime="20220215 01:23:47.119" endtime="20220215 01:24:02.491"/>
</test>
<test id="s1-t2" name="Caso de Teste 02: Pesquisar produto nao existente">
<kw name="Abrir navegador" library="Resource" type="SETUP">
<kw name="Open Browser" library="SeleniumLibrary">
<arg>about:blank</arg>
<arg>${BROWSER}</arg>
<doc>Opens a new browser instance to the optional ``url``.</doc>
<msg timestamp="20220215 01:24:02.499" level="INFO">Opening browser 'chrome' to base url 'about:blank'.</msg>
<status status="PASS" starttime="20220215 01:24:02.498" endtime="20220215 01:24:04.416"/>
</kw>
<status status="PASS" starttime="20220215 01:24:02.497" endtime="20220215 01:24:04.417"/>
</kw>
<kw name="Acessar a página home do site" library="Resource">
<kw name="Go To" library="SeleniumLibrary">
<arg>${URL}</arg>
<doc>Navigates the current browser window to the provided ``url``.</doc>
<msg timestamp="20220215 01:24:04.419" level="INFO">Opening url 'https://www.automationpractice.com/'</msg>
<status status="PASS" starttime="20220215 01:24:04.418" endtime="20220215 01:24:13.336"/>
</kw>
<kw name="Title Should Be" library="SeleniumLibrary">
<arg>My Store</arg>
<doc>Verifies that the current page title equals ``title``.</doc>
<msg timestamp="20220215 01:24:13.367" level="INFO">Page title is 'My Store'.</msg>
<status status="PASS" starttime="20220215 01:24:13.336" endtime="20220215 01:24:13.367"/>
</kw>
<status status="PASS" starttime="20220215 01:24:04.418" endtime="20220215 01:24:13.367"/>
</kw>
<kw name="Digita o nome do produto &quot;itemNaoExistente&quot; no campo de pesquisa" library="Resource" sourcename="Digita o nome do produto &quot;${PRODUCT}&quot; no campo de pesquisa">
<kw name="Input Text" library="SeleniumLibrary">
<arg>name=search_query</arg>
<arg>${PRODUCT}</arg>
<doc>Types the given ``text`` into the text field identified by ``locator``.</doc>
<msg timestamp="20220215 01:24:13.370" level="INFO">Typing text 'itemNaoExistente' into text field 'name=search_query'.</msg>
<status status="PASS" starttime="20220215 01:24:13.369" endtime="20220215 01:24:13.636"/>
</kw>
<status status="PASS" starttime="20220215 01:24:13.368" endtime="20220215 01:24:13.636"/>
</kw>
<kw name="Clicar no botao pesquisar" library="Resource">
<kw name="Click Element" library="SeleniumLibrary">
<arg>name=submit_search</arg>
<doc>Click the element identified by ``locator``.</doc>
<msg timestamp="20220215 01:24:13.640" level="INFO">Clicking element 'name=submit_search'.</msg>
<status status="PASS" starttime="20220215 01:24:13.640" endtime="20220215 01:24:17.454"/>
</kw>
<status status="PASS" starttime="20220215 01:24:13.639" endtime="20220215 01:24:17.454"/>
</kw>
<kw name="Conferir mensagem de erro &quot;No results were found for your search &quot;itemNaoExistente&quot;&quot;" library="Resource" sourcename="Conferir mensagem de erro &quot;${MENSAGEM_ALERTA}&quot;">
<kw name="Wait Until Element Is Visible" library="SeleniumLibrary">
<arg>//*[@id="center_column"]/p[@class='alert alert-warning']</arg>
<doc>Waits until the element ``locator`` is visible.</doc>
<status status="PASS" starttime="20220215 01:24:17.456" endtime="20220215 01:24:17.483"/>
</kw>
<kw name="Element Text Should Be" library="SeleniumLibrary">
<arg>//*[@id="center_column"]/p[@class='alert alert-warning']</arg>
<arg>${MENSAGEM_ALERTA}</arg>
<doc>Verifies that element ``locator`` contains exact the text ``expected``.</doc>
<msg timestamp="20220215 01:24:17.485" level="INFO">Verifying element '//*[@id="center_column"]/p[@class='alert alert-warning']' contains exact text 'No results were found for your search "itemNaoExistente"'.</msg>
<status status="PASS" starttime="20220215 01:24:17.483" endtime="20220215 01:24:17.506"/>
</kw>
<status status="PASS" starttime="20220215 01:24:17.456" endtime="20220215 01:24:17.506"/>
</kw>
<kw name="Fechar navegador" library="Resource" type="TEARDOWN">
<kw name="Close Browser" library="SeleniumLibrary">
<doc>Closes the current browser.</doc>
<status status="PASS" starttime="20220215 01:24:17.507" endtime="20220215 01:24:19.941"/>
</kw>
<status status="PASS" starttime="20220215 01:24:17.507" endtime="20220215 01:24:19.942"/>
</kw>
<status status="PASS" starttime="20220215 01:24:02.495" endtime="20220215 01:24:19.943"/>
</test>
<status status="PASS" starttime="20220215 01:23:46.807" endtime="20220215 01:24:19.948"/>
</suite>
<statistics>
<total>
<stat pass="2" fail="0" skip="0">All Tests</stat>
</total>
<tag>
</tag>
<suite>
<stat pass="2" fail="0" skip="0" id="s1" name="TestsSitePractice">TestsSitePractice</stat>
</suite>
</statistics>
<errors>
</errors>
</robot>
